<?xml version="1.0" encoding="UTF-8"?>
<robot generator="Robot 7.1 (Python 3.13.0 on win32)" generated="2024-11-01T23:54:33.814456" rpa="false" schemaversion="5">
<suite id="s1" name="Test" source="C:\Users\Gabriel\OneDrive\Desktop\ProyectoPruebasU2\proyectoU2Pruebas\Test\test.robot">
<test id="s1-t1" name="Case 2 Checkboxes" line="10">
<kw name="Abrir pagina Checkboxes" owner="keywords">
<kw name="Open Browser" owner="SeleniumLibrary">
<msg time="2024-11-01T23:54:33.951822" level="INFO">Opening browser 'chrome' to base url 'https://the-internet.herokuapp.com/checkboxes'.</msg>
<msg time="2024-11-01T23:54:34.296144" level="WARN">The chromedriver version (129.0.6668.101) detected in PATH at C:\bin\chromedriver.exe might not be compatible with the detected chrome version (130.0.6723.92); currently, chromedriver 130.0.6723.91 is recommended for chrome 130.*, so it is advised to delete the driver in PATH and retry</msg>
<arg>${checkboxes_url}</arg>
<arg>chrome</arg>
<doc>Opens a new browser instance to the optional ``url``.</doc>
<status status="PASS" start="2024-11-01T23:54:33.951662" elapsed="2.508638"/>
</kw>
<kw name="Maximize Browser Window" owner="SeleniumLibrary">
<doc>Maximizes current browser window.</doc>
<status status="PASS" start="2024-11-01T23:54:36.460627" elapsed="0.033713"/>
</kw>
<status status="PASS" start="2024-11-01T23:54:33.951218" elapsed="2.543232"/>
</kw>
<kw name="Esperar checkbox" owner="keywords">
<kw name="Wait Until Element Is Enabled" owner="SeleniumLibrary">
<arg>${checkbox1}</arg>
<doc>Waits until the element ``locator`` is enabled.</doc>
<status status="PASS" start="2024-11-01T23:54:36.495029" elapsed="0.025300"/>
</kw>
<kw name="Sleep" owner="BuiltIn">
<msg time="2024-11-01T23:54:37.521243" level="INFO">Slept 1 second.</msg>
<arg>1s</arg>
<doc>Pauses the test executed for the given time.</doc>
<status status="PASS" start="2024-11-01T23:54:36.520480" elapsed="1.001013"/>
</kw>
<status status="PASS" start="2024-11-01T23:54:36.494813" elapsed="1.026884"/>
</kw>
<kw name="Click Element" owner="SeleniumLibrary">
<msg time="2024-11-01T23:54:37.522713" level="INFO">Clicking element 'xpath://div[@class='example']//form[@id='checkboxes']//input[1]'.</msg>
<arg>${checkbox1}</arg>
<doc>Click the element identified by ``locator``.</doc>
<status status="PASS" start="2024-11-01T23:54:37.522353" elapsed="0.033312"/>
</kw>
<kw name="Checkbox Should Be Selected" owner="SeleniumLibrary">
<msg time="2024-11-01T23:54:37.556049" level="INFO">Verifying checkbox 'xpath://div[@class='example']//form[@id='checkboxes']//input[1]' is selected.</msg>
<arg>${checkbox1}</arg>
<doc>Verifies checkbox ``locator`` is selected/checked.</doc>
<status status="PASS" start="2024-11-01T23:54:37.555890" elapsed="0.018889"/>
</kw>
<kw name="Click Element" owner="SeleniumLibrary">
<msg time="2024-11-01T23:54:37.575224" level="INFO">Clicking element 'xpath://div[@class='example']//form[@id='checkboxes']//input[2]'.</msg>
<arg>${checkbox2}</arg>
<doc>Click the element identified by ``locator``.</doc>
<status status="PASS" start="2024-11-01T23:54:37.575037" elapsed="0.023477"/>
</kw>
<kw name="Sleep" owner="BuiltIn">
<msg time="2024-11-01T23:54:38.599249" level="INFO">Slept 1 second.</msg>
<arg>1s</arg>
<doc>Pauses the test executed for the given time.</doc>
<status status="PASS" start="2024-11-01T23:54:37.598740" elapsed="1.000797"/>
</kw>
<kw name="Click Element" owner="SeleniumLibrary">
<msg time="2024-11-01T23:54:38.601096" level="INFO">Clicking element 'xpath://div[@class='example']//form[@id='checkboxes']//input[2]'.</msg>
<arg>${checkbox2}</arg>
<doc>Click the element identified by ``locator``.</doc>
<status status="PASS" start="2024-11-01T23:54:38.600436" elapsed="0.030089"/>
</kw>
<kw name="Sleep" owner="BuiltIn">
<msg time="2024-11-01T23:54:39.631199" level="INFO">Slept 1 second.</msg>
<arg>1s</arg>
<doc>Pauses the test executed for the given time.</doc>
<status status="PASS" start="2024-11-01T23:54:38.630764" elapsed="1.000719"/>
</kw>
<kw name="Checkbox Should Be Selected" owner="SeleniumLibrary">
<msg time="2024-11-01T23:54:39.633289" level="INFO">Verifying checkbox 'xpath://div[@class='example']//form[@id='checkboxes']//input[2]' is selected.</msg>
<arg>${checkbox2}</arg>
<doc>Verifies checkbox ``locator`` is selected/checked.</doc>
<status status="PASS" start="2024-11-01T23:54:39.632455" elapsed="0.020684"/>
</kw>
<kw name="Sleep" owner="BuiltIn">
<msg time="2024-11-01T23:54:40.653861" level="INFO">Slept 1 second.</msg>
<arg>1s</arg>
<doc>Pauses the test executed for the given time.</doc>
<status status="PASS" start="2024-11-01T23:54:39.653360" elapsed="1.000781"/>
</kw>
<kw name="Close Browser" owner="SeleniumLibrary" type="TEARDOWN">
<doc>Closes the current browser.</doc>
<status status="PASS" start="2024-11-01T23:54:40.655239" elapsed="2.126930"/>
</kw>
<status status="PASS" start="2024-11-01T23:54:33.950772" elapsed="8.832043"/>
</test>
<test id="s1-t2" name="Case 3 Context Menu" line="21">
<kw name="Abrir pagina context" owner="keywords">
<kw name="Open Browser" owner="SeleniumLibrary">
<msg time="2024-11-01T23:54:42.785996" level="INFO">Opening browser 'chrome' to base url 'https://the-internet.herokuapp.com/context_menu'.</msg>
<msg time="2024-11-01T23:54:43.103531" level="WARN">The chromedriver version (129.0.6668.101) detected in PATH at C:\bin\chromedriver.exe might not be compatible with the detected chrome version (130.0.6723.92); currently, chromedriver 130.0.6723.91 is recommended for chrome 130.*, so it is advised to delete the driver in PATH and retry</msg>
<arg>${context_url}</arg>
<arg>chrome</arg>
<doc>Opens a new browser instance to the optional ``url``.</doc>
<status status="PASS" start="2024-11-01T23:54:42.785681" elapsed="2.374432"/>
</kw>
<kw name="Maximize Browser Window" owner="SeleniumLibrary">
<doc>Maximizes current browser window.</doc>
<status status="PASS" start="2024-11-01T23:54:45.160312" elapsed="0.024728"/>
</kw>
<status status="PASS" start="2024-11-01T23:54:42.785176" elapsed="2.399946"/>
</kw>
<kw name="Esperar hot-pot" owner="keywords">
<kw name="Wait Until Element Is Enabled" owner="SeleniumLibrary">
<arg>${hot-pot}</arg>
<doc>Waits until the element ``locator`` is enabled.</doc>
<status status="PASS" start="2024-11-01T23:54:45.185515" elapsed="0.020620"/>
</kw>
<kw name="Sleep" owner="BuiltIn">
<msg time="2024-11-01T23:54:46.206913" level="INFO">Slept 1 second.</msg>
<arg>1s</arg>
<doc>Pauses the test executed for the given time.</doc>
<status status="PASS" start="2024-11-01T23:54:45.206277" elapsed="1.000907"/>
</kw>
<status status="PASS" start="2024-11-01T23:54:45.185331" elapsed="1.022117"/>
</kw>
<kw name="Open Context Menu" owner="SeleniumLibrary">
<arg>${hot-pot}</arg>
<doc>Opens the context menu on the element identified by ``locator``.</doc>
<status status="PASS" start="2024-11-01T23:54:46.208132" elapsed="0.291441"/>
</kw>
<kw name="Sleep" owner="BuiltIn">
<msg time="2024-11-01T23:54:47.500518" level="INFO">Slept 1 second.</msg>
<arg>1s</arg>
<doc>Pauses the test executed for the given time.</doc>
<status status="PASS" start="2024-11-01T23:54:46.499782" elapsed="1.001098"/>
</kw>
<kw name="Alert Should Be Present" owner="SeleniumLibrary">
<msg time="2024-11-01T23:54:47.502550" level="INFO">HANDLE::&lt;class 'NoneType'&gt;::None</msg>
<arg>You selected a context menu</arg>
<doc>Verifies that an alert is present and by default, accepts it.</doc>
<status status="PASS" start="2024-11-01T23:54:47.501811" elapsed="0.010300"/>
</kw>
<kw name="Sleep" owner="BuiltIn">
<msg time="2024-11-01T23:54:48.513197" level="INFO">Slept 1 second.</msg>
<arg>1s</arg>
<doc>Pauses the test executed for the given time.</doc>
<status status="PASS" start="2024-11-01T23:54:47.512671" elapsed="1.000759"/>
</kw>
<kw name="Close Browser" owner="SeleniumLibrary" type="TEARDOWN">
<doc>Closes the current browser.</doc>
<status status="PASS" start="2024-11-01T23:54:48.514279" elapsed="2.124822"/>
</kw>
<status status="PASS" start="2024-11-01T23:54:42.784402" elapsed="7.855274"/>
</test>
<test id="s1-t3" name="Case 7 Controles Dinámicos" line="29">
<kw name="Abrir página Controles Dinámicos" owner="keywords">
<kw name="Open Browser" owner="SeleniumLibrary">
<msg time="2024-11-01T23:54:50.642560" level="INFO">Opening browser 'chrome' to base url 'https://the-internet.herokuapp.com/dynamic_controls'.</msg>
<msg time="2024-11-01T23:54:50.934949" level="WARN">The chromedriver version (129.0.6668.101) detected in PATH at C:\bin\chromedriver.exe might not be compatible with the detected chrome version (130.0.6723.92); currently, chromedriver 130.0.6723.91 is recommended for chrome 130.*, so it is advised to delete the driver in PATH and retry</msg>
<arg>${URL}</arg>
<arg>chrome</arg>
<doc>Opens a new browser instance to the optional ``url``.</doc>
<status status="PASS" start="2024-11-01T23:54:50.642223" elapsed="2.439208"/>
</kw>
<kw name="Maximize Browser Window" owner="SeleniumLibrary">
<doc>Maximizes current browser window.</doc>
<status status="PASS" start="2024-11-01T23:54:53.081698" elapsed="0.021985"/>
</kw>
<status status="PASS" start="2024-11-01T23:54:50.641601" elapsed="2.462165"/>
</kw>
<kw name="Sleep" owner="BuiltIn">
<msg time="2024-11-01T23:54:55.104586" level="INFO">Slept 2 seconds.</msg>
<arg>2s</arg>
<doc>Pauses the test executed for the given time.</doc>
<status status="PASS" start="2024-11-01T23:54:53.103977" elapsed="2.000694"/>
</kw>
<kw name="Clic en el botón Remove" owner="keywords">
<kw name="Click Button" owner="SeleniumLibrary">
<msg time="2024-11-01T23:54:55.105228" level="INFO">Clicking button 'css:button[onclick="swapCheckbox()"]'.</msg>
<arg>${REMOVE_BTN}</arg>
<doc>Clicks the button identified by ``locator``.</doc>
<status status="PASS" start="2024-11-01T23:54:55.105095" elapsed="0.047500"/>
</kw>
<status status="PASS" start="2024-11-01T23:54:55.104905" elapsed="0.047778"/>
</kw>
<kw name="Sleep" owner="BuiltIn">
<msg time="2024-11-01T23:55:02.153390" level="INFO">Slept 7 seconds.</msg>
<arg>7s</arg>
<doc>Pauses the test executed for the given time.</doc>
<status status="PASS" start="2024-11-01T23:54:55.152949" elapsed="7.000533"/>
</kw>
<kw name="Validar checkbox no visible" owner="keywords">
<kw name="Element Should Not Be Visible" owner="SeleniumLibrary">
<msg time="2024-11-01T23:55:02.162560" level="INFO">Element 'checkbox' did not exist.</msg>
<arg>${CHECKBOX_ID}</arg>
<doc>Verifies that the element identified by ``locator`` is NOT visible.</doc>
<status status="PASS" start="2024-11-01T23:55:02.153967" elapsed="0.008663"/>
</kw>
<status status="PASS" start="2024-11-01T23:55:02.153749" elapsed="0.008949"/>
</kw>
<kw name="Sleep" owner="BuiltIn">
<msg time="2024-11-01T23:55:04.163139" level="INFO">Slept 2 seconds.</msg>
<arg>2s</arg>
<doc>Pauses the test executed for the given time.</doc>
<status status="PASS" start="2024-11-01T23:55:02.162865" elapsed="2.000384"/>
</kw>
<kw name="Clic en el botón Enable" owner="keywords">
<kw name="Click Button" owner="SeleniumLibrary">
<msg time="2024-11-01T23:55:04.164142" level="INFO">Clicking button 'css:button[onclick="swapInput()"]'.</msg>
<arg>${ENABLE_BTN}</arg>
<doc>Clicks the button identified by ``locator``.</doc>
<status status="PASS" start="2024-11-01T23:55:04.163950" elapsed="0.034976"/>
</kw>
<status status="PASS" start="2024-11-01T23:55:04.163613" elapsed="0.035398"/>
</kw>
<kw name="Sleep" owner="BuiltIn">
<msg time="2024-11-01T23:55:11.199588" level="INFO">Slept 7 seconds.</msg>
<arg>7s</arg>
<doc>Pauses the test executed for the given time.</doc>
<status status="PASS" start="2024-11-01T23:55:04.199214" elapsed="7.000503"/>
</kw>
<kw name="Validar campo de entrada habilitado" owner="keywords">
<kw name="Element Should Be Enabled" owner="SeleniumLibrary">
<arg>${INPUT_FIELD}</arg>
<doc>Verifies that element identified by ``locator`` is enabled.</doc>
<status status="PASS" start="2024-11-01T23:55:11.200440" elapsed="0.016911"/>
</kw>
<status status="PASS" start="2024-11-01T23:55:11.200127" elapsed="0.017305"/>
</kw>
<kw name="Close Browser" owner="SeleniumLibrary">
<doc>Closes the current browser.</doc>
<status status="PASS" start="2024-11-01T23:55:11.217630" elapsed="2.126842"/>
</kw>
<kw name="Close Browser" owner="SeleniumLibrary" type="TEARDOWN">
<doc>Closes the current browser.</doc>
<status status="PASS" start="2024-11-01T23:55:13.345430" elapsed="0.000314"/>
</kw>
<status status="PASS" start="2024-11-01T23:54:50.640940" elapsed="22.705064"/>
</test>
<test id="s1-t4" name="Case 8 Menú Flotante" line="41">
<kw name="Abrir página Menú Flotante" owner="keywords">
<kw name="Open Browser" owner="SeleniumLibrary">
<msg time="2024-11-01T23:55:13.348004" level="INFO">Opening browser 'chrome' to base url 'https://the-internet.herokuapp.com/floating_menu'.</msg>
<msg time="2024-11-01T23:55:13.661120" level="WARN">The chromedriver version (129.0.6668.101) detected in PATH at C:\bin\chromedriver.exe might not be compatible with the detected chrome version (130.0.6723.92); currently, chromedriver 130.0.6723.91 is recommended for chrome 130.*, so it is advised to delete the driver in PATH and retry</msg>
<arg>${MENU_URL}</arg>
<arg>chrome</arg>
<doc>Opens a new browser instance to the optional ``url``.</doc>
<status status="PASS" start="2024-11-01T23:55:13.347745" elapsed="2.447594"/>
</kw>
<kw name="Maximize Browser Window" owner="SeleniumLibrary">
<doc>Maximizes current browser window.</doc>
<status status="PASS" start="2024-11-01T23:55:15.795477" elapsed="0.029295"/>
</kw>
<status status="PASS" start="2024-11-01T23:55:13.347348" elapsed="2.477522"/>
</kw>
<kw name="Sleep" owner="BuiltIn">
<msg time="2024-11-01T23:55:17.825570" level="INFO">Slept 2 seconds.</msg>
<arg>2s</arg>
<doc>Pauses the test executed for the given time.</doc>
<status status="PASS" start="2024-11-01T23:55:15.825095" elapsed="2.000726"/>
</kw>
<kw name="Desplazar al fondo" owner="keywords">
<kw name="Execute Javascript" owner="SeleniumLibrary">
<msg time="2024-11-01T23:55:17.828008" level="INFO">Executing JavaScript:
window.scrollTo(0, document.body.scrollHeight);
Without any arguments.</msg>
<arg>window.scrollTo(0, document.body.scrollHeight);</arg>
<doc>Executes the given JavaScript code with possible arguments.</doc>
<status status="PASS" start="2024-11-01T23:55:17.827203" elapsed="0.008953"/>
</kw>
<status status="PASS" start="2024-11-01T23:55:17.826581" elapsed="0.009665"/>
</kw>
<kw name="Sleep" owner="BuiltIn">
<msg time="2024-11-01T23:55:20.837009" level="INFO">Slept 3 seconds.</msg>
<arg>3s</arg>
<doc>Pauses the test executed for the given time.</doc>
<status status="PASS" start="2024-11-01T23:55:17.836471" elapsed="3.000760"/>
</kw>
<kw name="Validar opciones visibles" owner="keywords">
<kw name="Element Should Be Visible" owner="SeleniumLibrary">
<msg time="2024-11-01T23:55:20.859575" level="INFO">Element 'css:.example #menu a' is displayed.</msg>
<arg>${MENU_ITEM}</arg>
<doc>Verifies that the element identified by ``locator`` is visible.</doc>
<status status="PASS" start="2024-11-01T23:55:20.838587" elapsed="0.021061"/>
</kw>
<status status="PASS" start="2024-11-01T23:55:20.837994" elapsed="0.021726"/>
</kw>
<kw name="Close Browser" owner="SeleniumLibrary">
<doc>Closes the current browser.</doc>
<status status="PASS" start="2024-11-01T23:55:20.859905" elapsed="2.111111"/>
</kw>
<kw name="Close Browser" owner="SeleniumLibrary" type="TEARDOWN">
<doc>Closes the current browser.</doc>
<status status="PASS" start="2024-11-01T23:55:22.972422" elapsed="0.000503"/>
</kw>
<status status="PASS" start="2024-11-01T23:55:13.346807" elapsed="9.626513"/>
</test>
<status status="PASS" start="2024-11-01T23:54:33.815748" elapsed="49.158979"/>
</suite>
<statistics>
<total>
<stat pass="4" fail="0" skip="0">All Tests</stat>
</total>
<tag>
</tag>
<suite>
<stat pass="4" fail="0" skip="0" id="s1" name="Test">Test</stat>
</suite>
</statistics>
<errors>
<msg time="2024-11-01T23:54:34.296144" level="WARN">The chromedriver version (129.0.6668.101) detected in PATH at C:\bin\chromedriver.exe might not be compatible with the detected chrome version (130.0.6723.92); currently, chromedriver 130.0.6723.91 is recommended for chrome 130.*, so it is advised to delete the driver in PATH and retry</msg>
<msg time="2024-11-01T23:54:43.103531" level="WARN">The chromedriver version (129.0.6668.101) detected in PATH at C:\bin\chromedriver.exe might not be compatible with the detected chrome version (130.0.6723.92); currently, chromedriver 130.0.6723.91 is recommended for chrome 130.*, so it is advised to delete the driver in PATH and retry</msg>
<msg time="2024-11-01T23:54:50.934949" level="WARN">The chromedriver version (129.0.6668.101) detected in PATH at C:\bin\chromedriver.exe might not be compatible with the detected chrome version (130.0.6723.92); currently, chromedriver 130.0.6723.91 is recommended for chrome 130.*, so it is advised to delete the driver in PATH and retry</msg>
<msg time="2024-11-01T23:55:13.661120" level="WARN">The chromedriver version (129.0.6668.101) detected in PATH at C:\bin\chromedriver.exe might not be compatible with the detected chrome version (130.0.6723.92); currently, chromedriver 130.0.6723.91 is recommended for chrome 130.*, so it is advised to delete the driver in PATH and retry</msg>
</errors>
</robot>
